<?xml version="1.0" encoding="UTF-8"?>
<robot generator="Robot 3.2.2 (Python 3.8.5 on darwin)" generated="20201210 20:25:14.273" rpa="false">
<suite id="s1" name="Find Products" source="/Users/nousiri/Projects/New/saleor-platform/tests/find_products.robot">
<test id="s1-t1" name="Find Audiobook Product With Full Name">
<kw name="Open Browser To Front Page" type="setup">
<kw name="Open Browser" library="SeleniumLibrary">
<doc>Opens a new browser instance to the optional ``url``.</doc>
<arguments>
<arg>${URL}</arg>
<arg>browser=chrome</arg>
</arguments>
<msg timestamp="20201210 20:25:14.593" level="INFO">Opening browser 'chrome' to base url 'http://localhost:3000'.</msg>
<status status="PASS" starttime="20201210 20:25:14.593" endtime="20201210 20:25:18.585"></status>
</kw>
<status status="PASS" starttime="20201210 20:25:14.592" endtime="20201210 20:25:18.586"></status>
</kw>
<kw name="Template Find Product">
<arguments>
<arg>LAKE TUNES</arg>
</arguments>
<kw name="Search product">
<arguments>
<arg>${product_name}</arg>
</arguments>
<kw name="Wait Until Element Is Visible" library="SeleniumLibrary">
<doc>Waits until the element ``locator`` is visible.</doc>
<arguments>
<arg>${search_icon}</arg>
</arguments>
<status status="PASS" starttime="20201210 20:25:18.589" endtime="20201210 20:25:18.671"></status>
</kw>
<kw name="Click Element" library="SeleniumLibrary">
<doc>Click the element identified by ``locator``.</doc>
<arguments>
<arg>${search_icon}</arg>
</arguments>
<msg timestamp="20201210 20:25:18.672" level="INFO">Clicking element '//*[@data-test="menuSearchOverlayLink"]'.</msg>
<status status="PASS" starttime="20201210 20:25:18.671" endtime="20201210 20:25:19.130"></status>
</kw>
<kw name="Wait Until Element Is Visible" library="SeleniumLibrary">
<doc>Waits until the element ``locator`` is visible.</doc>
<arguments>
<arg>${search_field}</arg>
<arg>timeout=2 seconds</arg>
</arguments>
<status status="PASS" starttime="20201210 20:25:19.130" endtime="20201210 20:25:19.191"></status>
</kw>
<kw name="Input Text" library="SeleniumLibrary">
<doc>Types the given ``text`` into the text field identified by ``locator``.</doc>
<arguments>
<arg>${search_field}</arg>
<arg>${product_name}</arg>
</arguments>
<msg timestamp="20201210 20:25:19.192" level="INFO">Typing text 'LAKE TUNES' into text field '//input[@placeholder="search"]'.</msg>
<status status="PASS" starttime="20201210 20:25:19.191" endtime="20201210 20:25:19.760"></status>
</kw>
<kw name="Sleep" library="BuiltIn">
<doc>Pauses the test executed for the given time.</doc>
<arguments>
<arg>2 seconds</arg>
<arg>Wait for search to finnish</arg>
</arguments>
<msg timestamp="20201210 20:25:21.762" level="INFO">Slept 2 seconds</msg>
<msg timestamp="20201210 20:25:21.762" level="INFO">Wait for search to finnish</msg>
<status status="PASS" starttime="20201210 20:25:19.761" endtime="20201210 20:25:21.762"></status>
</kw>
<status status="PASS" starttime="20201210 20:25:18.588" endtime="20201210 20:25:21.762"></status>
</kw>
<kw name="Verify first search result">
<arguments>
<arg>${product_name}</arg>
</arguments>
<kw name="Wait Until Element Is Visible" library="SeleniumLibrary">
<doc>Waits until the element ``locator`` is visible.</doc>
<arguments>
<arg>${first_search_result}</arg>
<arg>timeout=5 seconds</arg>
</arguments>
<status status="PASS" starttime="20201210 20:25:21.763" endtime="20201210 20:25:21.783"></status>
</kw>
<kw name="Element Should Contain" library="SeleniumLibrary">
<doc>Verifies that element ``locator`` contains text ``expected``.</doc>
<arguments>
<arg>${first_search_result}//h4</arg>
<arg>${product_name}</arg>
</arguments>
<msg timestamp="20201210 20:25:21.807" level="INFO">Element '//*[@class="search__products__item"][1]//h4' contains text 'LAKE TUNES'.</msg>
<status status="PASS" starttime="20201210 20:25:21.784" endtime="20201210 20:25:21.808"></status>
</kw>
<status status="PASS" starttime="20201210 20:25:21.762" endtime="20201210 20:25:21.808"></status>
</kw>
<status status="PASS" starttime="20201210 20:25:18.586" endtime="20201210 20:25:21.808"></status>
</kw>
<kw name="Close Browser" library="SeleniumLibrary" type="teardown">
<doc>Closes the current browser.</doc>
<status status="PASS" starttime="20201210 20:25:21.808" endtime="20201210 20:25:21.893"></status>
</kw>
<status status="PASS" starttime="20201210 20:25:14.592" endtime="20201210 20:25:21.893" critical="yes"></status>
</test>
<test id="s1-t2" name="Find Grocery Product With Full Name">
<kw name="Open Browser To Front Page" type="setup">
<kw name="Open Browser" library="SeleniumLibrary">
<doc>Opens a new browser instance to the optional ``url``.</doc>
<arguments>
<arg>${URL}</arg>
<arg>browser=chrome</arg>
</arguments>
<msg timestamp="20201210 20:25:21.896" level="INFO">Opening browser 'chrome' to base url 'http://localhost:3000'.</msg>
<status status="PASS" starttime="20201210 20:25:21.896" endtime="20201210 20:25:25.560"></status>
</kw>
<status status="PASS" starttime="20201210 20:25:21.895" endtime="20201210 20:25:25.561"></status>
</kw>
<kw name="Template Find Product">
<arguments>
<arg>SEAMAN LAGER</arg>
</arguments>
<kw name="Search product">
<arguments>
<arg>${product_name}</arg>
</arguments>
<kw name="Wait Until Element Is Visible" library="SeleniumLibrary">
<doc>Waits until the element ``locator`` is visible.</doc>
<arguments>
<arg>${search_icon}</arg>
</arguments>
<status status="PASS" starttime="20201210 20:25:25.563" endtime="20201210 20:25:25.625"></status>
</kw>
<kw name="Click Element" library="SeleniumLibrary">
<doc>Click the element identified by ``locator``.</doc>
<arguments>
<arg>${search_icon}</arg>
</arguments>
<msg timestamp="20201210 20:25:25.626" level="INFO">Clicking element '//*[@data-test="menuSearchOverlayLink"]'.</msg>
<status status="PASS" starttime="20201210 20:25:25.625" endtime="20201210 20:25:26.081"></status>
</kw>
<kw name="Wait Until Element Is Visible" library="SeleniumLibrary">
<doc>Waits until the element ``locator`` is visible.</doc>
<arguments>
<arg>${search_field}</arg>
<arg>timeout=2 seconds</arg>
</arguments>
<status status="PASS" starttime="20201210 20:25:26.082" endtime="20201210 20:25:26.110"></status>
</kw>
<kw name="Input Text" library="SeleniumLibrary">
<doc>Types the given ``text`` into the text field identified by ``locator``.</doc>
<arguments>
<arg>${search_field}</arg>
<arg>${product_name}</arg>
</arguments>
<msg timestamp="20201210 20:25:26.111" level="INFO">Typing text 'SEAMAN LAGER' into text field '//input[@placeholder="search"]'.</msg>
<status status="PASS" starttime="20201210 20:25:26.111" endtime="20201210 20:25:26.331"></status>
</kw>
<kw name="Sleep" library="BuiltIn">
<doc>Pauses the test executed for the given time.</doc>
<arguments>
<arg>2 seconds</arg>
<arg>Wait for search to finnish</arg>
</arguments>
<msg timestamp="20201210 20:25:28.333" level="INFO">Slept 2 seconds</msg>
<msg timestamp="20201210 20:25:28.333" level="INFO">Wait for search to finnish</msg>
<status status="PASS" starttime="20201210 20:25:26.332" endtime="20201210 20:25:28.333"></status>
</kw>
<status status="PASS" starttime="20201210 20:25:25.562" endtime="20201210 20:25:28.333"></status>
</kw>
<kw name="Verify first search result">
<arguments>
<arg>${product_name}</arg>
</arguments>
<kw name="Wait Until Element Is Visible" library="SeleniumLibrary">
<doc>Waits until the element ``locator`` is visible.</doc>
<arguments>
<arg>${first_search_result}</arg>
<arg>timeout=5 seconds</arg>
</arguments>
<status status="PASS" starttime="20201210 20:25:28.334" endtime="20201210 20:25:28.355"></status>
</kw>
<kw name="Element Should Contain" library="SeleniumLibrary">
<doc>Verifies that element ``locator`` contains text ``expected``.</doc>
<arguments>
<arg>${first_search_result}//h4</arg>
<arg>${product_name}</arg>
</arguments>
<kw name="Capture Page Screenshot" library="SeleniumLibrary">
<doc>Takes a screenshot of the current page and embeds it into a log file.</doc>
<msg timestamp="20201210 20:25:29.345" level="INFO" html="yes">&lt;/td&gt;&lt;/tr&gt;&lt;tr&gt;&lt;td colspan="3"&gt;&lt;a href="selenium-screenshot-1.png"&gt;&lt;img src="selenium-screenshot-1.png" width="800px"&gt;&lt;/a&gt;</msg>
<status status="PASS" starttime="20201210 20:25:28.377" endtime="20201210 20:25:29.346"></status>
</kw>
<msg timestamp="20201210 20:25:29.359" level="FAIL">Element '//*[@class="search__products__item"][1]//h4' should have contained text 'SEAMAN LAGER' but its text was 'SEAMAN BEER'.</msg>
<status status="FAIL" starttime="20201210 20:25:28.355" endtime="20201210 20:25:29.359"></status>
</kw>
<status status="FAIL" starttime="20201210 20:25:28.333" endtime="20201210 20:25:29.360"></status>
</kw>
<status status="FAIL" starttime="20201210 20:25:25.561" endtime="20201210 20:25:29.360"></status>
</kw>
<kw name="Close Browser" library="SeleniumLibrary" type="teardown">
<doc>Closes the current browser.</doc>
<status status="PASS" starttime="20201210 20:25:29.360" endtime="20201210 20:25:29.584"></status>
</kw>
<status status="FAIL" starttime="20201210 20:25:21.894" endtime="20201210 20:25:29.584" critical="yes">Element '//*[@class="search__products__item"][1]//h4' should have contained text 'SEAMAN LAGER' but its text was 'SEAMAN BEER'.</status>
</test>
<test id="s1-t3" name="Find Apparel Product With Full Name">
<kw name="Open Browser To Front Page" type="setup">
<kw name="Open Browser" library="SeleniumLibrary">
<doc>Opens a new browser instance to the optional ``url``.</doc>
<arguments>
<arg>${URL}</arg>
<arg>browser=chrome</arg>
</arguments>
<msg timestamp="20201210 20:25:29.591" level="INFO">Opening browser 'chrome' to base url 'http://localhost:3000'.</msg>
<status status="PASS" starttime="20201210 20:25:29.590" endtime="20201210 20:25:33.355"></status>
</kw>
<status status="PASS" starttime="20201210 20:25:29.589" endtime="20201210 20:25:33.356"></status>
</kw>
<kw name="Template Find Product">
<arguments>
<arg>POLO SHIRT</arg>
</arguments>
<kw name="Search product">
<arguments>
<arg>${product_name}</arg>
</arguments>
<kw name="Wait Until Element Is Visible" library="SeleniumLibrary">
<doc>Waits until the element ``locator`` is visible.</doc>
<arguments>
<arg>${search_icon}</arg>
</arguments>
<status status="PASS" starttime="20201210 20:25:33.357" endtime="20201210 20:25:33.389"></status>
</kw>
<kw name="Click Element" library="SeleniumLibrary">
<doc>Click the element identified by ``locator``.</doc>
<arguments>
<arg>${search_icon}</arg>
</arguments>
<msg timestamp="20201210 20:25:33.389" level="INFO">Clicking element '//*[@data-test="menuSearchOverlayLink"]'.</msg>
<status status="PASS" starttime="20201210 20:25:33.389" endtime="20201210 20:25:33.871"></status>
</kw>
<kw name="Wait Until Element Is Visible" library="SeleniumLibrary">
<doc>Waits until the element ``locator`` is visible.</doc>
<arguments>
<arg>${search_field}</arg>
<arg>timeout=2 seconds</arg>
</arguments>
<status status="PASS" starttime="20201210 20:25:33.871" endtime="20201210 20:25:33.904"></status>
</kw>
<kw name="Input Text" library="SeleniumLibrary">
<doc>Types the given ``text`` into the text field identified by ``locator``.</doc>
<arguments>
<arg>${search_field}</arg>
<arg>${product_name}</arg>
</arguments>
<msg timestamp="20201210 20:25:33.905" level="INFO">Typing text 'POLO SHIRT' into text field '//input[@placeholder="search"]'.</msg>
<status status="PASS" starttime="20201210 20:25:33.904" endtime="20201210 20:25:34.466"></status>
</kw>
<kw name="Sleep" library="BuiltIn">
<doc>Pauses the test executed for the given time.</doc>
<arguments>
<arg>2 seconds</arg>
<arg>Wait for search to finnish</arg>
</arguments>
<msg timestamp="20201210 20:25:36.468" level="INFO">Slept 2 seconds</msg>
<msg timestamp="20201210 20:25:36.468" level="INFO">Wait for search to finnish</msg>
<status status="PASS" starttime="20201210 20:25:34.467" endtime="20201210 20:25:36.468"></status>
</kw>
<status status="PASS" starttime="20201210 20:25:33.357" endtime="20201210 20:25:36.469"></status>
</kw>
<kw name="Verify first search result">
<arguments>
<arg>${product_name}</arg>
</arguments>
<kw name="Wait Until Element Is Visible" library="SeleniumLibrary">
<doc>Waits until the element ``locator`` is visible.</doc>
<arguments>
<arg>${first_search_result}</arg>
<arg>timeout=5 seconds</arg>
</arguments>
<status status="PASS" starttime="20201210 20:25:36.469" endtime="20201210 20:25:36.496"></status>
</kw>
<kw name="Element Should Contain" library="SeleniumLibrary">
<doc>Verifies that element ``locator`` contains text ``expected``.</doc>
<arguments>
<arg>${first_search_result}//h4</arg>
<arg>${product_name}</arg>
</arguments>
<kw name="Capture Page Screenshot" library="SeleniumLibrary">
<doc>Takes a screenshot of the current page and embeds it into a log file.</doc>
<msg timestamp="20201210 20:25:37.494" level="INFO" html="yes">&lt;/td&gt;&lt;/tr&gt;&lt;tr&gt;&lt;td colspan="3"&gt;&lt;a href="selenium-screenshot-2.png"&gt;&lt;img src="selenium-screenshot-2.png" width="800px"&gt;&lt;/a&gt;</msg>
<status status="PASS" starttime="20201210 20:25:36.520" endtime="20201210 20:25:37.494"></status>
</kw>
<msg timestamp="20201210 20:25:37.494" level="FAIL">Element '//*[@class="search__products__item"][1]//h4' should have contained text 'POLO SHIRT' but its text was 'CODE DIVISION T-SHIRT'.</msg>
<status status="FAIL" starttime="20201210 20:25:36.496" endtime="20201210 20:25:37.495"></status>
</kw>
<status status="FAIL" starttime="20201210 20:25:36.469" endtime="20201210 20:25:37.495"></status>
</kw>
<status status="FAIL" starttime="20201210 20:25:33.356" endtime="20201210 20:25:37.495"></status>
</kw>
<kw name="Close Browser" library="SeleniumLibrary" type="teardown">
<doc>Closes the current browser.</doc>
<status status="PASS" starttime="20201210 20:25:37.496" endtime="20201210 20:25:37.656"></status>
</kw>
<status status="FAIL" starttime="20201210 20:25:29.587" endtime="20201210 20:25:37.657" critical="yes">Element '//*[@class="search__products__item"][1]//h4' should have contained text 'POLO SHIRT' but its text was 'CODE DIVISION T-SHIRT'.</status>
</test>
<test id="s1-t4" name="Find Audiobook product with partial name">
<kw name="Open Browser To Front Page" type="setup">
<kw name="Open Browser" library="SeleniumLibrary">
<doc>Opens a new browser instance to the optional ``url``.</doc>
<arguments>
<arg>${URL}</arg>
<arg>browser=chrome</arg>
</arguments>
<msg timestamp="20201210 20:25:37.664" level="INFO">Opening browser 'chrome' to base url 'http://localhost:3000'.</msg>
<status status="PASS" starttime="20201210 20:25:37.663" endtime="20201210 20:25:41.465"></status>
</kw>
<status status="PASS" starttime="20201210 20:25:37.663" endtime="20201210 20:25:41.466"></status>
</kw>
<kw name="Template Find Product">
<arguments>
<arg>LAGER</arg>
</arguments>
<kw name="Search product">
<arguments>
<arg>${product_name}</arg>
</arguments>
<kw name="Wait Until Element Is Visible" library="SeleniumLibrary">
<doc>Waits until the element ``locator`` is visible.</doc>
<arguments>
<arg>${search_icon}</arg>
</arguments>
<status status="PASS" starttime="20201210 20:25:41.469" endtime="20201210 20:25:41.531"></status>
</kw>
<kw name="Click Element" library="SeleniumLibrary">
<doc>Click the element identified by ``locator``.</doc>
<arguments>
<arg>${search_icon}</arg>
</arguments>
<msg timestamp="20201210 20:25:41.532" level="INFO">Clicking element '//*[@data-test="menuSearchOverlayLink"]'.</msg>
<status status="PASS" starttime="20201210 20:25:41.531" endtime="20201210 20:25:42.025"></status>
</kw>
<kw name="Wait Until Element Is Visible" library="SeleniumLibrary">
<doc>Waits until the element ``locator`` is visible.</doc>
<arguments>
<arg>${search_field}</arg>
<arg>timeout=2 seconds</arg>
</arguments>
<status status="PASS" starttime="20201210 20:25:42.025" endtime="20201210 20:25:42.062"></status>
</kw>
<kw name="Input Text" library="SeleniumLibrary">
<doc>Types the given ``text`` into the text field identified by ``locator``.</doc>
<arguments>
<arg>${search_field}</arg>
<arg>${product_name}</arg>
</arguments>
<msg timestamp="20201210 20:25:42.063" level="INFO">Typing text 'LAGER' into text field '//input[@placeholder="search"]'.</msg>
<status status="PASS" starttime="20201210 20:25:42.062" endtime="20201210 20:25:42.454"></status>
</kw>
<kw name="Sleep" library="BuiltIn">
<doc>Pauses the test executed for the given time.</doc>
<arguments>
<arg>2 seconds</arg>
<arg>Wait for search to finnish</arg>
</arguments>
<msg timestamp="20201210 20:25:44.455" level="INFO">Slept 2 seconds</msg>
<msg timestamp="20201210 20:25:44.456" level="INFO">Wait for search to finnish</msg>
<status status="PASS" starttime="20201210 20:25:42.455" endtime="20201210 20:25:44.456"></status>
</kw>
<status status="PASS" starttime="20201210 20:25:41.468" endtime="20201210 20:25:44.456"></status>
</kw>
<kw name="Verify first search result">
<arguments>
<arg>${product_name}</arg>
</arguments>
<kw name="Wait Until Element Is Visible" library="SeleniumLibrary">
<doc>Waits until the element ``locator`` is visible.</doc>
<arguments>
<arg>${first_search_result}</arg>
<arg>timeout=5 seconds</arg>
</arguments>
<status status="PASS" starttime="20201210 20:25:44.457" endtime="20201210 20:25:44.476"></status>
</kw>
<kw name="Element Should Contain" library="SeleniumLibrary">
<doc>Verifies that element ``locator`` contains text ``expected``.</doc>
<arguments>
<arg>${first_search_result}//h4</arg>
<arg>${product_name}</arg>
</arguments>
<msg timestamp="20201210 20:25:44.495" level="INFO">Element '//*[@class="search__products__item"][1]//h4' contains text 'LAGER'.</msg>
<status status="PASS" starttime="20201210 20:25:44.476" endtime="20201210 20:25:44.495"></status>
</kw>
<status status="PASS" starttime="20201210 20:25:44.456" endtime="20201210 20:25:44.495"></status>
</kw>
<status status="PASS" starttime="20201210 20:25:41.467" endtime="20201210 20:25:44.495"></status>
</kw>
<kw name="Close Browser" library="SeleniumLibrary" type="teardown">
<doc>Closes the current browser.</doc>
<status status="PASS" starttime="20201210 20:25:44.495" endtime="20201210 20:25:44.589"></status>
</kw>
<status status="PASS" starttime="20201210 20:25:37.661" endtime="20201210 20:25:44.589" critical="yes"></status>
</test>
<test id="s1-t5" name="Find Paint Product with partial name">
<kw name="Open Browser To Front Page" type="setup">
<kw name="Open Browser" library="SeleniumLibrary">
<doc>Opens a new browser instance to the optional ``url``.</doc>
<arguments>
<arg>${URL}</arg>
<arg>browser=chrome</arg>
</arguments>
<msg timestamp="20201210 20:25:44.593" level="INFO">Opening browser 'chrome' to base url 'http://localhost:3000'.</msg>
<status status="PASS" starttime="20201210 20:25:44.592" endtime="20201210 20:25:48.306"></status>
</kw>
<status status="PASS" starttime="20201210 20:25:44.592" endtime="20201210 20:25:48.306"></status>
</kw>
<kw name="Template Find Product">
<arguments>
<arg>LIGHT SPEED</arg>
</arguments>
<kw name="Search product">
<arguments>
<arg>${product_name}</arg>
</arguments>
<kw name="Wait Until Element Is Visible" library="SeleniumLibrary">
<doc>Waits until the element ``locator`` is visible.</doc>
<arguments>
<arg>${search_icon}</arg>
</arguments>
<status status="PASS" starttime="20201210 20:25:48.308" endtime="20201210 20:25:48.345"></status>
</kw>
<kw name="Click Element" library="SeleniumLibrary">
<doc>Click the element identified by ``locator``.</doc>
<arguments>
<arg>${search_icon}</arg>
</arguments>
<msg timestamp="20201210 20:25:48.347" level="INFO">Clicking element '//*[@data-test="menuSearchOverlayLink"]'.</msg>
<status status="PASS" starttime="20201210 20:25:48.346" endtime="20201210 20:25:48.833"></status>
</kw>
<kw name="Wait Until Element Is Visible" library="SeleniumLibrary">
<doc>Waits until the element ``locator`` is visible.</doc>
<arguments>
<arg>${search_field}</arg>
<arg>timeout=2 seconds</arg>
</arguments>
<status status="PASS" starttime="20201210 20:25:48.833" endtime="20201210 20:25:48.864"></status>
</kw>
<kw name="Input Text" library="SeleniumLibrary">
<doc>Types the given ``text`` into the text field identified by ``locator``.</doc>
<arguments>
<arg>${search_field}</arg>
<arg>${product_name}</arg>
</arguments>
<msg timestamp="20201210 20:25:48.866" level="INFO">Typing text 'LIGHT SPEED' into text field '//input[@placeholder="search"]'.</msg>
<status status="PASS" starttime="20201210 20:25:48.865" endtime="20201210 20:25:49.066"></status>
</kw>
<kw name="Sleep" library="BuiltIn">
<doc>Pauses the test executed for the given time.</doc>
<arguments>
<arg>2 seconds</arg>
<arg>Wait for search to finnish</arg>
</arguments>
<msg timestamp="20201210 20:25:51.067" level="INFO">Slept 2 seconds</msg>
<msg timestamp="20201210 20:25:51.067" level="INFO">Wait for search to finnish</msg>
<status status="PASS" starttime="20201210 20:25:49.066" endtime="20201210 20:25:51.067"></status>
</kw>
<status status="PASS" starttime="20201210 20:25:48.307" endtime="20201210 20:25:51.068"></status>
</kw>
<kw name="Verify first search result">
<arguments>
<arg>${product_name}</arg>
</arguments>
<kw name="Wait Until Element Is Visible" library="SeleniumLibrary">
<doc>Waits until the element ``locator`` is visible.</doc>
<arguments>
<arg>${first_search_result}</arg>
<arg>timeout=5 seconds</arg>
</arguments>
<status status="PASS" starttime="20201210 20:25:51.068" endtime="20201210 20:25:51.089"></status>
</kw>
<kw name="Element Should Contain" library="SeleniumLibrary">
<doc>Verifies that element ``locator`` contains text ``expected``.</doc>
<arguments>
<arg>${first_search_result}//h4</arg>
<arg>${product_name}</arg>
</arguments>
<msg timestamp="20201210 20:25:51.111" level="INFO">Element '//*[@class="search__products__item"][1]//h4' contains text 'LIGHT SPEED'.</msg>
<status status="PASS" starttime="20201210 20:25:51.089" endtime="20201210 20:25:51.111"></status>
</kw>
<status status="PASS" starttime="20201210 20:25:51.068" endtime="20201210 20:25:51.111"></status>
</kw>
<status status="PASS" starttime="20201210 20:25:48.307" endtime="20201210 20:25:51.111"></status>
</kw>
<kw name="Close Browser" library="SeleniumLibrary" type="teardown">
<doc>Closes the current browser.</doc>
<status status="PASS" starttime="20201210 20:25:51.112" endtime="20201210 20:25:51.205"></status>
</kw>
<status status="PASS" starttime="20201210 20:25:44.591" endtime="20201210 20:25:51.205" critical="yes"></status>
</test>
<test id="s1-t6" name="Find Homeware Product with partial name">
<kw name="Open Browser To Front Page" type="setup">
<kw name="Open Browser" library="SeleniumLibrary">
<doc>Opens a new browser instance to the optional ``url``.</doc>
<arguments>
<arg>${URL}</arg>
<arg>browser=chrome</arg>
</arguments>
<msg timestamp="20201210 20:25:51.210" level="INFO">Opening browser 'chrome' to base url 'http://localhost:3000'.</msg>
<status status="PASS" starttime="20201210 20:25:51.209" endtime="20201210 20:25:55.032"></status>
</kw>
<status status="PASS" starttime="20201210 20:25:51.208" endtime="20201210 20:25:55.033"></status>
</kw>
<kw name="Template Find Product">
<arguments>
<arg>PARROT CUSHION</arg>
</arguments>
<kw name="Search product">
<arguments>
<arg>${product_name}</arg>
</arguments>
<kw name="Wait Until Element Is Visible" library="SeleniumLibrary">
<doc>Waits until the element ``locator`` is visible.</doc>
<arguments>
<arg>${search_icon}</arg>
</arguments>
<status status="PASS" starttime="20201210 20:25:55.036" endtime="20201210 20:25:55.072"></status>
</kw>
<kw name="Click Element" library="SeleniumLibrary">
<doc>Click the element identified by ``locator``.</doc>
<arguments>
<arg>${search_icon}</arg>
</arguments>
<msg timestamp="20201210 20:25:55.073" level="INFO">Clicking element '//*[@data-test="menuSearchOverlayLink"]'.</msg>
<status status="PASS" starttime="20201210 20:25:55.072" endtime="20201210 20:25:55.609"></status>
</kw>
<kw name="Wait Until Element Is Visible" library="SeleniumLibrary">
<doc>Waits until the element ``locator`` is visible.</doc>
<arguments>
<arg>${search_field}</arg>
<arg>timeout=2 seconds</arg>
</arguments>
<status status="PASS" starttime="20201210 20:25:55.609" endtime="20201210 20:25:55.643"></status>
</kw>
<kw name="Input Text" library="SeleniumLibrary">
<doc>Types the given ``text`` into the text field identified by ``locator``.</doc>
<arguments>
<arg>${search_field}</arg>
<arg>${product_name}</arg>
</arguments>
<msg timestamp="20201210 20:25:55.644" level="INFO">Typing text 'PARROT CUSHION' into text field '//input[@placeholder="search"]'.</msg>
<status status="PASS" starttime="20201210 20:25:55.644" endtime="20201210 20:25:55.822"></status>
</kw>
<kw name="Sleep" library="BuiltIn">
<doc>Pauses the test executed for the given time.</doc>
<arguments>
<arg>2 seconds</arg>
<arg>Wait for search to finnish</arg>
</arguments>
<msg timestamp="20201210 20:25:57.823" level="INFO">Slept 2 seconds</msg>
<msg timestamp="20201210 20:25:57.824" level="INFO">Wait for search to finnish</msg>
<status status="PASS" starttime="20201210 20:25:55.823" endtime="20201210 20:25:57.824"></status>
</kw>
<status status="PASS" starttime="20201210 20:25:55.035" endtime="20201210 20:25:57.824"></status>
</kw>
<kw name="Verify first search result">
<arguments>
<arg>${product_name}</arg>
</arguments>
<kw name="Wait Until Element Is Visible" library="SeleniumLibrary">
<doc>Waits until the element ``locator`` is visible.</doc>
<arguments>
<arg>${first_search_result}</arg>
<arg>timeout=5 seconds</arg>
</arguments>
<status status="PASS" starttime="20201210 20:25:57.825" endtime="20201210 20:25:57.847"></status>
</kw>
<kw name="Element Should Contain" library="SeleniumLibrary">
<doc>Verifies that element ``locator`` contains text ``expected``.</doc>
<arguments>
<arg>${first_search_result}//h4</arg>
<arg>${product_name}</arg>
</arguments>
<kw name="Capture Page Screenshot" library="SeleniumLibrary">
<doc>Takes a screenshot of the current page and embeds it into a log file.</doc>
<msg timestamp="20201210 20:25:58.813" level="INFO" html="yes">&lt;/td&gt;&lt;/tr&gt;&lt;tr&gt;&lt;td colspan="3"&gt;&lt;a href="selenium-screenshot-3.png"&gt;&lt;img src="selenium-screenshot-3.png" width="800px"&gt;&lt;/a&gt;</msg>
<status status="PASS" starttime="20201210 20:25:57.869" endtime="20201210 20:25:58.813"></status>
</kw>
<msg timestamp="20201210 20:25:58.813" level="FAIL">Element '//*[@class="search__products__item"][1]//h4' should have contained text 'PARROT CUSHION' but its text was 'CARROT JUICE'.</msg>
<status status="FAIL" starttime="20201210 20:25:57.847" endtime="20201210 20:25:58.813"></status>
</kw>
<status status="FAIL" starttime="20201210 20:25:57.824" endtime="20201210 20:25:58.813"></status>
</kw>
<status status="FAIL" starttime="20201210 20:25:55.034" endtime="20201210 20:25:58.814"></status>
</kw>
<kw name="Close Browser" library="SeleniumLibrary" type="teardown">
<doc>Closes the current browser.</doc>
<status status="PASS" starttime="20201210 20:25:58.814" endtime="20201210 20:25:58.901"></status>
</kw>
<status status="FAIL" starttime="20201210 20:25:51.207" endtime="20201210 20:25:58.902" critical="yes">Element '//*[@class="search__products__item"][1]//h4' should have contained text 'PARROT CUSHION' but its text was 'CARROT JUICE'.</status>
</test>
<doc>Tests for storefront search feature.</doc>
<status status="FAIL" starttime="20201210 20:25:14.280" endtime="20201210 20:25:58.910"></status>
</suite>
<statistics>
<total>
<stat pass="3" fail="3">Critical Tests</stat>
<stat pass="3" fail="3">All Tests</stat>
</total>
<tag>
</tag>
<suite>
<stat pass="3" fail="3" id="s1" name="Find Products">Find Products</stat>
</suite>
</statistics>
<errors>
</errors>
</robot>
